TN:
SF:public/coverage/lcov-report/block-navigation.js
FN:2,init
FN:24,toggleClass
FN:31,makeCurrent
FN:41,goToPrevious
FN:52,goToNext
FN:65,jump
FNF:6
FNH:0
FNDA:0,init
FNDA:0,toggleClass
FNDA:0,makeCurrent
FNDA:0,goToPrevious
FNDA:0,goToNext
FNDA:0,jump
DA:2,0
DA:4,0
DA:7,0
DA:10,0
DA:14,0
DA:20,0
DA:25,0
DA:28,0
DA:32,0
DA:33,0
DA:34,0
DA:42,0
DA:43,0
DA:44,0
DA:45,0
DA:46,0
DA:49,0
DA:53,0
DA:55,0
DA:59,0
DA:62,0
DA:65,0
DA:66,0
DA:69,0
DA:70,0
DA:74,0
DA:75,0
DA:79,0
LF:28
LH:0
BRDA:43,0,0,0
BRDA:43,0,1,0
BRDA:43,1,0,0
BRDA:43,1,1,0
BRDA:45,2,0,0
BRDA:45,2,1,0
BRDA:55,3,0,0
BRDA:55,3,1,0
BRDA:56,4,0,0
BRDA:56,4,1,0
BRDA:66,5,0,0
BRDA:66,5,1,0
BRDA:66,5,2,0
BRDA:66,5,3,0
BRDA:66,5,4,0
BRF:15
BRH:0
end_of_record
TN:
SF:public/coverage/lcov-report/prettify.js
FN:2,(anonymous_0)
FN:2,k
FN:2,ab
FN:2,T
FN:2,X
FN:2,(anonymous_5)
FN:2,W
FN:2,(anonymous_7)
FN:2,a
FN:2,aa
FN:2,B
FN:2,o
FN:2,g
FN:2,(anonymous_13)
FN:2,(anonymous_14)
FN:2,i
FN:2,Q
FN:2,ae
FN:2,ad
FN:2,ai
FN:2,D
FN:2,c
FN:2,q
FN:2,d
FN:2,y
FN:2,b
FN:2,Y
FN:2,(anonymous_27)
FN:2,U
FNF:29
FNH:0
FNDA:0,(anonymous_0)
FNDA:0,k
FNDA:0,ab
FNDA:0,T
FNDA:0,X
FNDA:0,(anonymous_5)
FNDA:0,W
FNDA:0,(anonymous_7)
FNDA:0,a
FNDA:0,aa
FNDA:0,B
FNDA:0,o
FNDA:0,g
FNDA:0,(anonymous_13)
FNDA:0,(anonymous_14)
FNDA:0,i
FNDA:0,Q
FNDA:0,ae
FNDA:0,ad
FNDA:0,ai
FNDA:0,D
FNDA:0,c
FNDA:0,q
FNDA:0,d
FNDA:0,y
FNDA:0,b
FNDA:0,Y
FNDA:0,(anonymous_27)
FNDA:0,U
DA:2,0
LF:1
LH:0
BRDA:2,0,0,0
BRDA:2,0,1,0
BRDA:2,1,0,0
BRDA:2,1,1,0
BRDA:2,2,0,0
BRDA:2,2,1,0
BRDA:2,3,0,0
BRDA:2,3,1,0
BRDA:2,4,0,0
BRDA:2,4,1,0
BRDA:2,5,0,0
BRDA:2,5,1,0
BRDA:2,6,0,0
BRDA:2,6,1,0
BRDA:2,7,0,0
BRDA:2,7,1,0
BRDA:2,8,0,0
BRDA:2,8,1,0
BRDA:2,9,0,0
BRDA:2,9,1,0
BRDA:2,10,0,0
BRDA:2,10,1,0
BRDA:2,11,0,0
BRDA:2,11,1,0
BRDA:2,11,2,0
BRDA:2,11,3,0
BRDA:2,12,0,0
BRDA:2,12,1,0
BRDA:2,13,0,0
BRDA:2,13,1,0
BRDA:2,14,0,0
BRDA:2,14,1,0
BRDA:2,15,0,0
BRDA:2,15,1,0
BRDA:2,16,0,0
BRDA:2,16,1,0
BRDA:2,17,0,0
BRDA:2,17,1,0
BRDA:2,18,0,0
BRDA:2,18,1,0
BRDA:2,19,0,0
BRDA:2,19,1,0
BRDA:2,20,0,0
BRDA:2,20,1,0
BRDA:2,21,0,0
BRDA:2,21,1,0
BRDA:2,22,0,0
BRDA:2,22,1,0
BRDA:2,23,0,0
BRDA:2,23,1,0
BRDA:2,24,0,0
BRDA:2,24,1,0
BRDA:2,25,0,0
BRDA:2,25,1,0
BRDA:2,26,0,0
BRDA:2,26,1,0
BRDA:2,27,0,0
BRDA:2,27,1,0
BRDA:2,28,0,0
BRDA:2,28,1,0
BRDA:2,29,0,0
BRDA:2,29,1,0
BRDA:2,30,0,0
BRDA:2,30,1,0
BRDA:2,31,0,0
BRDA:2,31,1,0
BRDA:2,32,0,0
BRDA:2,32,1,0
BRDA:2,33,0,0
BRDA:2,33,1,0
BRDA:2,34,0,0
BRDA:2,34,1,0
BRDA:2,35,0,0
BRDA:2,35,1,0
BRDA:2,36,0,0
BRDA:2,36,1,0
BRDA:2,37,0,0
BRDA:2,37,1,0
BRDA:2,38,0,0
BRDA:2,38,1,0
BRDA:2,39,0,0
BRDA:2,39,1,0
BRDA:2,40,0,0
BRDA:2,40,1,0
BRDA:2,41,0,0
BRDA:2,41,1,0
BRDA:2,42,0,0
BRDA:2,42,1,0
BRDA:2,43,0,0
BRDA:2,43,1,0
BRDA:2,44,0,0
BRDA:2,44,1,0
BRDA:2,45,0,0
BRDA:2,45,1,0
BRDA:2,46,0,0
BRDA:2,46,1,0
BRDA:2,47,0,0
BRDA:2,47,1,0
BRDA:2,48,0,0
BRDA:2,48,1,0
BRDA:2,49,0,0
BRDA:2,49,1,0
BRDA:2,50,0,0
BRDA:2,50,1,0
BRDA:2,50,2,0
BRDA:2,51,0,0
BRDA:2,51,1,0
BRDA:2,52,0,0
BRDA:2,52,1,0
BRDA:2,53,0,0
BRDA:2,53,1,0
BRDA:2,54,0,0
BRDA:2,54,1,0
BRDA:2,55,0,0
BRDA:2,55,1,0
BRDA:2,56,0,0
BRDA:2,56,1,0
BRDA:2,57,0,0
BRDA:2,57,1,0
BRDA:2,58,0,0
BRDA:2,58,1,0
BRDA:2,59,0,0
BRDA:2,59,1,0
BRDA:2,60,0,0
BRDA:2,60,1,0
BRDA:2,61,0,0
BRDA:2,61,1,0
BRDA:2,62,0,0
BRDA:2,62,1,0
BRDA:2,63,0,0
BRDA:2,63,1,0
BRDA:2,64,0,0
BRDA:2,64,1,0
BRDA:2,65,0,0
BRDA:2,65,1,0
BRDA:2,66,0,0
BRDA:2,66,1,0
BRDA:2,67,0,0
BRDA:2,67,1,0
BRDA:2,68,0,0
BRDA:2,68,1,0
BRDA:2,69,0,0
BRDA:2,69,1,0
BRDA:2,70,0,0
BRDA:2,70,1,0
BRDA:2,71,0,0
BRDA:2,71,1,0
BRDA:2,72,0,0
BRDA:2,72,1,0
BRDA:2,73,0,0
BRDA:2,73,1,0
BRDA:2,74,0,0
BRDA:2,74,1,0
BRDA:2,75,0,0
BRDA:2,75,1,0
BRDA:2,76,0,0
BRDA:2,76,1,0
BRDA:2,77,0,0
BRDA:2,77,1,0
BRDA:2,78,0,0
BRDA:2,78,1,0
BRDA:2,79,0,0
BRDA:2,79,1,0
BRDA:2,80,0,0
BRDA:2,80,1,0
BRDA:2,81,0,0
BRDA:2,81,1,0
BRDA:2,82,0,0
BRDA:2,82,1,0
BRDA:2,83,0,0
BRDA:2,83,1,0
BRDA:2,84,0,0
BRDA:2,84,1,0
BRDA:2,85,0,0
BRDA:2,85,1,0
BRDA:2,86,0,0
BRDA:2,86,1,0
BRDA:2,87,0,0
BRDA:2,87,1,0
BRDA:2,88,0,0
BRDA:2,88,1,0
BRDA:2,89,0,0
BRDA:2,89,1,0
BRDA:2,89,2,0
BRDA:2,90,0,0
BRDA:2,90,1,0
BRDA:2,91,0,0
BRDA:2,91,1,0
BRDA:2,92,0,0
BRDA:2,92,1,0
BRDA:2,93,0,0
BRDA:2,93,1,0
BRDA:2,94,0,0
BRDA:2,94,1,0
BRDA:2,95,0,0
BRDA:2,95,1,0
BRDA:2,96,0,0
BRDA:2,96,1,0
BRDA:2,97,0,0
BRDA:2,97,1,0
BRDA:2,98,0,0
BRDA:2,98,1,0
BRDA:2,99,0,0
BRDA:2,99,1,0
BRDA:2,100,0,0
BRDA:2,100,1,0
BRDA:2,101,0,0
BRDA:2,101,1,0
BRDA:2,102,0,0
BRDA:2,102,1,0
BRDA:2,103,0,0
BRDA:2,103,1,0
BRDA:2,104,0,0
BRDA:2,104,1,0
BRDA:2,105,0,0
BRDA:2,105,1,0
BRDA:2,106,0,0
BRDA:2,106,1,0
BRDA:2,107,0,0
BRDA:2,107,1,0
BRDA:2,108,0,0
BRDA:2,108,1,0
BRDA:2,109,0,0
BRDA:2,109,1,0
BRDA:2,110,0,0
BRDA:2,110,1,0
BRDA:2,111,0,0
BRDA:2,111,1,0
BRDA:2,112,0,0
BRDA:2,112,1,0
BRDA:2,113,0,0
BRDA:2,113,1,0
BRDA:2,114,0,0
BRDA:2,114,1,0
BRDA:2,115,0,0
BRDA:2,115,1,0
BRDA:2,116,0,0
BRDA:2,116,1,0
BRDA:2,117,0,0
BRDA:2,117,1,0
BRDA:2,118,0,0
BRDA:2,118,1,0
BRDA:2,119,0,0
BRDA:2,119,1,0
BRDA:2,120,0,0
BRDA:2,120,1,0
BRDA:2,121,0,0
BRDA:2,121,1,0
BRDA:2,122,0,0
BRDA:2,122,1,0
BRDA:2,123,0,0
BRDA:2,123,1,0
BRDA:2,124,0,0
BRDA:2,124,1,0
BRDA:2,125,0,0
BRDA:2,125,1,0
BRDA:2,126,0,0
BRDA:2,126,1,0
BRDA:2,127,0,0
BRDA:2,127,1,0
BRDA:2,128,0,0
BRDA:2,128,1,0
BRDA:2,128,2,0
BRDA:2,129,0,0
BRDA:2,129,1,0
BRDA:2,130,0,0
BRDA:2,130,1,0
BRDA:2,131,0,0
BRDA:2,131,1,0
BRDA:2,131,2,0
BRDA:2,131,3,0
BRDA:2,131,4,0
BRDA:2,132,0,0
BRDA:2,132,1,0
BRDA:2,133,0,0
BRDA:2,133,1,0
BRDA:2,134,0,0
BRDA:2,134,1,0
BRDA:2,135,0,0
BRDA:2,135,1,0
BRDA:2,136,0,0
BRDA:2,136,1,0
BRDA:2,137,0,0
BRDA:2,137,1,0
BRDA:2,138,0,0
BRDA:2,138,1,0
BRF:286
BRH:0
end_of_record
TN:
SF:public/coverage/lcov-report/sorter.js
FN:2,(anonymous_0)
FN:11,getTable
FN:15,getTableHeader
FN:19,getTableBody
FN:23,getNthColumn
FN:28,loadColumns
FN:53,loadRowData
FN:72,loadData
FN:81,sortByIndex
FN:83,(anonymous_9)
FN:95,(anonymous_10)
FN:112,removeSortIndicators
FN:120,addSortIndicators
FN:126,enableUI
FN:129,ithSorter
FN:132,(anonymous_15)
FN:159,(anonymous_16)
FNF:17
FNH:0
FNDA:0,(anonymous_0)
FNDA:0,getTable
FNDA:0,getTableHeader
FNDA:0,getTableBody
FNDA:0,getNthColumn
FNDA:0,loadColumns
FNDA:0,loadRowData
FNDA:0,loadData
FNDA:0,sortByIndex
FNDA:0,(anonymous_9)
FNDA:0,(anonymous_10)
FNDA:0,removeSortIndicators
FNDA:0,addSortIndicators
FNDA:0,enableUI
FNDA:0,ithSorter
FNDA:0,(anonymous_15)
FNDA:0,(anonymous_16)
DA:2,0
DA:5,0
DA:12,0
DA:16,0
DA:20,0
DA:24,0
DA:29,0
DA:31,0
DA:35,0
DA:36,0
DA:37,0
DA:42,0
DA:43,0
DA:44,0
DA:45,0
DA:49,0
DA:54,0
DA:57,0
DA:60,0
DA:61,0
DA:62,0
DA:63,0
DA:64,0
DA:65,0
DA:67,0
DA:69,0
DA:73,0
DA:76,0
DA:77,0
DA:82,0
DA:83,0
DA:84,0
DA:85,0
DA:86,0
DA:88,0
DA:89,0
DA:90,0
DA:91,0
DA:94,0
DA:95,0
DA:96,0
DA:100,0
DA:101,0
DA:102,0
DA:105,0
DA:107,0
DA:108,0
DA:113,0
DA:114,0
DA:116,0
DA:117,0
DA:121,0
DA:129,0
DA:130,0
DA:132,0
DA:133,0
DA:135,0
DA:136,0
DA:138,0
DA:139,0
DA:140,0
DA:141,0
DA:142,0
DA:145,0
DA:146,0
DA:149,0
DA:150,0
DA:151,0
DA:153,0
DA:159,0
DA:160,0
DA:161,0
DA:163,0
DA:164,0
DA:165,0
DA:166,0
DA:170,0
LF:77
LH:0
BRDA:40,0,0,0
BRDA:40,0,1,0
BRDA:43,1,0,0
BRDA:43,1,1,0
BRDA:64,2,0,0
BRDA:64,2,1,0
BRDA:86,3,0,0
BRDA:86,3,1,0
BRDA:86,4,0,0
BRDA:86,4,1,0
BRDA:94,5,0,0
BRDA:94,5,1,0
BRDA:121,6,0,0
BRDA:121,6,1,0
BRDA:135,7,0,0
BRDA:135,7,1,0
BRDA:146,8,0,0
BRDA:146,8,1,0
BRDA:150,9,0,0
BRDA:150,9,1,0
BRDA:160,10,0,0
BRDA:160,10,1,0
BRF:22
BRH:0
end_of_record
TN:
SF:public/docs/assets/js/main.js
FN:9,(anonymous_0)
FN:16,(anonymous_1)
FN:26,(anonymous_2)
FN:37,(anonymous_3)
FN:48,(anonymous_4)
FN:59,(anonymous_5)
FN:70,(anonymous_6)
FN:81,(anonymous_7)
FN:92,(anonymous_8)
FN:103,(anonymous_9)
FN:114,(anonymous_10)
FN:125,(anonymous_11)
FN:136,(anonymous_12)
FN:147,(anonymous_13)
FN:158,(anonymous_14)
FN:169,(anonymous_15)
FN:182,__webpack_require__
FN:203,(anonymous_17)
FN:205,(anonymous_18)
FN:207,(anonymous_19)
FN:208,(anonymous_20)
FN:215,(anonymous_21)
FN:217,(anonymous_22)
FN:227,(anonymous_23)
FN:228,(anonymous_24)
FN:232,(anonymous_25)
FN:234,(anonymous_26)
FNF:27
FNH:0
FNDA:0,(anonymous_0)
FNDA:0,(anonymous_1)
FNDA:0,(anonymous_2)
FNDA:0,(anonymous_3)
FNDA:0,(anonymous_4)
FNDA:0,(anonymous_5)
FNDA:0,(anonymous_6)
FNDA:0,(anonymous_7)
FNDA:0,(anonymous_8)
FNDA:0,(anonymous_9)
FNDA:0,(anonymous_10)
FNDA:0,(anonymous_11)
FNDA:0,(anonymous_12)
FNDA:0,(anonymous_13)
FNDA:0,(anonymous_14)
FNDA:0,(anonymous_15)
FNDA:0,__webpack_require__
FNDA:0,(anonymous_17)
FNDA:0,(anonymous_18)
FNDA:0,(anonymous_19)
FNDA:0,(anonymous_20)
FNDA:0,(anonymous_21)
FNDA:0,(anonymous_22)
FNDA:0,(anonymous_23)
FNDA:0,(anonymous_24)
FNDA:0,(anonymous_25)
FNDA:0,(anonymous_26)
DA:9,0
DA:10,0
DA:18,0
DA:29,0
DA:40,0
DA:51,0
DA:62,0
DA:73,0
DA:84,0
DA:95,0
DA:106,0
DA:117,0
DA:128,0
DA:139,0
DA:150,0
DA:161,0
DA:172,0
DA:179,0
DA:184,0
DA:185,0
DA:188,0
DA:195,0
DA:198,0
DA:203,0
DA:205,0
DA:206,0
DA:207,0
DA:208,0
DA:209,0
DA:210,0
DA:215,0
DA:217,0
DA:218,0
DA:219,0
DA:220,0
DA:227,0
DA:228,0
DA:232,0
DA:234,0
DA:235,0
DA:236,0
DA:238,0
DA:245,0
LF:43
LH:0
BRDA:184,0,0,0
BRDA:184,0,1,0
BRDA:206,1,0,0
BRDA:206,1,1,0
BRDA:206,2,0,0
BRDA:206,2,1,0
BRDA:219,3,0,0
BRDA:219,3,1,0
BRDA:219,4,0,0
BRDA:219,4,1,0
BRDA:235,5,0,0
BRDA:235,5,1,0
BRDA:235,6,0,0
BRDA:235,6,1,0
BRF:14
BRH:0
end_of_record
TN:
SF:public/docs/assets/js/search.js
FNF:0
FNH:0
DA:1,0
LF:1
LH:0
BRF:0
BRH:0
end_of_record
TN:
SF:src/config.ts
FNF:0
FNH:0
DA:11,1
DA:12,1
DA:13,1
DA:14,1
DA:16,1
DA:17,1
DA:19,1
DA:171,1
DA:173,1
DA:174,1
DA:176,1
LF:11
LH:11
BRF:0
BRH:0
end_of_record
TN:
SF:src/controllers.ts
FNF:0
FNH:0
DA:14,1
DA:15,1
DA:16,1
DA:17,1
DA:18,1
DA:19,1
DA:21,1
DA:22,1
DA:23,1
DA:24,1
DA:25,1
DA:26,1
DA:28,1
DA:29,1
DA:30,1
DA:31,1
DA:32,1
DA:33,1
LF:18
LH:18
BRF:0
BRH:0
end_of_record
TN:
SF:src/models.ts
FN:21,(anonymous_0)
FN:22,(anonymous_1)
FN:23,(anonymous_2)
FN:24,(anonymous_3)
FN:25,(anonymous_4)
FN:26,(anonymous_5)
FN:27,(anonymous_6)
FN:28,(anonymous_7)
FN:29,(anonymous_8)
FN:30,(anonymous_9)
FNF:10
FNH:9
FNDA:5,(anonymous_0)
FNDA:1,(anonymous_1)
FNDA:1,(anonymous_2)
FNDA:3,(anonymous_3)
FNDA:7,(anonymous_4)
FNDA:2,(anonymous_5)
FNDA:1,(anonymous_6)
FNDA:4,(anonymous_7)
FNDA:0,(anonymous_8)
FNDA:3,(anonymous_9)
DA:11,1
DA:12,1
DA:13,1
DA:14,1
DA:15,1
DA:16,1
DA:17,1
DA:18,1
DA:21,6
DA:22,2
DA:23,2
DA:24,4
DA:25,8
DA:26,3
DA:27,2
DA:28,5
DA:29,1
DA:30,4
LF:18
LH:18
BRF:0
BRH:0
end_of_record
TN:
SF:src/server.controller.ts
FN:39,(anonymous_1)
FN:58,(anonymous_2)
FN:106,(anonymous_3)
FN:141,(anonymous_4)
FN:158,(anonymous_5)
FN:192,(anonymous_6)
FN:195,(anonymous_7)
FNF:7
FNH:3
FNDA:1,(anonymous_1)
FNDA:1,(anonymous_2)
FNDA:1,(anonymous_3)
FNDA:0,(anonymous_4)
FNDA:0,(anonymous_5)
FNDA:0,(anonymous_6)
FNDA:0,(anonymous_7)
DA:7,1
DA:9,1
DA:10,1
DA:12,1
DA:20,1
DA:21,1
DA:22,1
DA:30,1
DA:34,1
DA:41,1
DA:42,1
DA:43,1
DA:44,1
DA:45,1
DA:46,1
DA:49,1
DA:50,1
DA:98,1
DA:126,1
DA:142,0
DA:146,0
DA:159,0
DA:160,0
DA:162,0
DA:174,0
DA:176,0
DA:177,0
DA:193,0
DA:195,0
LF:29
LH:19
BRF:0
BRH:0
end_of_record
TN:
SF:src/server.ts
FN:34,(anonymous_1)
FN:64,(anonymous_2)
FN:86,(anonymous_3)
FNF:3
FNH:3
FNDA:1,(anonymous_1)
FNDA:183,(anonymous_2)
FNDA:1,(anonymous_3)
DA:7,1
DA:8,1
DA:9,1
DA:10,1
DA:11,1
DA:12,1
DA:13,1
DA:14,1
DA:15,1
DA:17,1
DA:18,1
DA:19,1
DA:20,1
DA:25,1
DA:35,1
DA:37,1
DA:38,0
DA:41,1
DA:42,1
DA:44,1
DA:46,1
DA:48,1
DA:49,0
DA:62,1
DA:64,183
DA:71,1
DA:74,1
DA:75,1
DA:78,1
DA:81,1
DA:84,1
DA:86,1
DA:87,1
DA:92,1
LF:34
LH:32
BRDA:37,0,0,0
BRDA:37,0,1,1
BRDA:48,1,0,0
BRDA:48,1,1,1
BRF:4
BRH:2
end_of_record
TN:
SF:src/services.ts
FNF:0
FNH:0
DA:14,1
DA:15,1
DA:16,1
DA:17,1
DA:18,1
DA:19,1
DA:21,1
DA:22,1
DA:23,1
DA:24,1
DA:25,1
DA:26,1
DA:28,1
LF:13
LH:13
BRF:0
BRH:0
end_of_record
TN:
SF:src/_helpers/base.controller.ts
FN:84,(anonymous_1)
FN:131,(anonymous_2)
FN:188,(anonymous_3)
FN:321,(anonymous_4)
FN:381,(anonymous_5)
FN:438,(anonymous_6)
FN:456,(anonymous_7)
FN:461,(anonymous_8)
FN:482,(anonymous_9)
FN:488,(anonymous_10)
FN:503,(anonymous_11)
FN:508,(anonymous_12)
FN:523,(anonymous_13)
FN:526,(anonymous_14)
FN:549,(anonymous_15)
FN:567,(anonymous_16)
FN:572,(anonymous_17)
FN:595,(anonymous_18)
FN:613,(anonymous_19)
FNF:19
FNH:11
FNDA:6,(anonymous_1)
FNDA:6,(anonymous_2)
FNDA:6,(anonymous_3)
FNDA:6,(anonymous_4)
FNDA:6,(anonymous_5)
FNDA:47,(anonymous_6)
FNDA:47,(anonymous_7)
FNDA:44,(anonymous_8)
FNDA:1,(anonymous_9)
FNDA:1,(anonymous_10)
FNDA:0,(anonymous_11)
FNDA:0,(anonymous_12)
FNDA:0,(anonymous_13)
FNDA:0,(anonymous_14)
FNDA:1,(anonymous_15)
FNDA:0,(anonymous_16)
FNDA:0,(anonymous_17)
FNDA:0,(anonymous_18)
FNDA:0,(anonymous_19)
DA:28,1
DA:29,1
DA:30,1
DA:31,1
DA:33,1
DA:34,1
DA:53,1
DA:57,6
DA:85,6
DA:86,6
DA:88,6
DA:90,1
DA:91,1
DA:93,1
DA:94,1
DA:96,1
DA:97,1
DA:99,1
DA:100,1
DA:102,1
DA:103,1
DA:105,1
DA:106,1
DA:108,0
DA:115,6
DA:116,6
DA:117,6
DA:118,6
DA:119,6
DA:120,6
DA:122,6
DA:179,6
DA:237,6
DA:279,6
DA:312,6
DA:372,6
DA:414,6
DA:439,47
DA:442,47
DA:457,47
DA:459,47
DA:461,44
DA:483,1
DA:484,1
DA:486,1
DA:488,1
DA:504,0
DA:506,0
DA:508,0
DA:524,0
DA:526,0
DA:550,1
DA:553,1
DA:568,0
DA:570,0
DA:572,0
DA:596,0
DA:599,0
DA:614,0
DA:616,0
LF:60
LH:47
BRDA:84,0,0,1
BRDA:89,1,0,1
BRDA:89,1,1,1
BRDA:89,1,2,1
BRDA:89,1,3,1
BRDA:89,1,4,1
BRDA:89,1,5,1
BRDA:89,1,6,0
BRF:8
BRH:7
end_of_record
TN:
SF:src/_helpers/base.model.ts
FNF:0
FNH:0
DA:12,1
DA:34,1
LF:2
LH:2
BRF:0
BRH:0
end_of_record
TN:
SF:src/_helpers/base.service.ts
FN:55,(anonymous_0)
FN:71,(anonymous_1)
FN:89,(anonymous_2)
FN:105,(anonymous_3)
FN:107,(anonymous_4)
FN:122,(anonymous_5)
FN:140,(anonymous_6)
FN:161,(anonymous_7)
FN:177,(anonymous_8)
FN:192,(anonymous_9)
FN:212,(anonymous_10)
FN:246,(anonymous_11)
FN:264,(anonymous_12)
FN:284,(anonymous_13)
FNF:14
FNH:8
FNDA:6,(anonymous_0)
FNDA:47,(anonymous_1)
FNDA:1,(anonymous_2)
FNDA:0,(anonymous_3)
FNDA:0,(anonymous_4)
FNDA:1,(anonymous_5)
FNDA:1,(anonymous_6)
FNDA:0,(anonymous_7)
FNDA:0,(anonymous_8)
FNDA:40,(anonymous_9)
FNDA:0,(anonymous_10)
FNDA:2,(anonymous_11)
FNDA:1,(anonymous_12)
FNDA:0,(anonymous_13)
DA:27,1
DA:31,1
DA:56,6
DA:72,47
DA:73,47
DA:75,44
DA:90,1
DA:92,1
DA:106,0
DA:107,0
DA:123,1
DA:125,1
DA:126,1
DA:141,1
DA:143,1
DA:145,1
DA:147,1
DA:162,0
DA:164,0
DA:178,0
DA:193,40
DA:195,40
DA:197,39
DA:198,8
DA:213,0
DA:215,0
DA:247,2
DA:265,1
DA:266,0
DA:268,1
DA:285,0
DA:287,0
DA:303,1
LF:33
LH:23
BRDA:90,0,0,0
BRDA:90,0,1,1
BRDA:123,1,0,0
BRDA:123,1,1,1
BRDA:162,2,0,0
BRDA:162,2,1,0
BRDA:193,3,0,0
BRDA:193,3,1,40
BRDA:197,4,0,31
BRDA:197,4,1,8
BRDA:213,5,0,0
BRDA:213,5,1,0
BRDA:265,6,0,1
BRDA:265,6,1,0
BRF:14
BRH:6
end_of_record
TN:
SF:src/_helpers/db.ts
FN:41,(anonymous_1)
FN:46,(anonymous_2)
FN:62,isValidId
FNF:3
FNH:2
FNDA:0,(anonymous_1)
FNDA:1,(anonymous_2)
FNDA:42,isValidId
DA:9,1
DA:10,1
DA:12,1
DA:22,1
DA:24,1
DA:28,1
DA:30,1
DA:32,1
DA:39,1
DA:41,1
DA:42,0
DA:43,0
DA:46,1
DA:47,1
DA:51,1
DA:62,1
DA:63,42
DA:64,42
DA:70,1
DA:77,1
DA:84,1
DA:91,1
DA:98,1
DA:105,1
DA:112,1
DA:119,1
DA:123,1
LF:27
LH:25
BRDA:63,0,0,0
BRDA:63,0,1,42
BRF:2
BRH:1
end_of_record
TN:
SF:src/_helpers/email.ts
FN:46,sendMail
FN:70,(anonymous_2)
FNF:2
FNH:2
FNDA:41,sendMail
FNDA:41,(anonymous_2)
DA:9,1
DA:10,1
DA:11,1
DA:13,1
DA:15,1
DA:24,1
DA:34,1
DA:46,1
DA:61,41
DA:71,41
DA:72,0
LF:11
LH:10
BRDA:48,0,0,41
BRDA:52,1,0,41
BRDA:71,2,0,41
BRDA:71,2,1,0
BRF:4
BRH:3
end_of_record
TN:
SF:src/_helpers/enums.ts
FN:37,(anonymous_0)
FN:131,(anonymous_1)
FN:169,(anonymous_2)
FN:196,(anonymous_3)
FN:207,randomEnum
FN:209,(anonymous_5)
FN:210,(anonymous_6)
FNF:7
FNH:4
FNDA:1,(anonymous_0)
FNDA:1,(anonymous_1)
FNDA:1,(anonymous_2)
FNDA:1,(anonymous_3)
FNDA:0,randomEnum
FNDA:0,(anonymous_5)
FNDA:0,(anonymous_6)
DA:37,1
DA:38,1
DA:39,1
DA:40,1
DA:41,1
DA:52,1
DA:94,1
DA:131,1
DA:132,1
DA:133,1
DA:169,1
DA:170,1
DA:171,1
DA:172,1
DA:173,1
DA:196,1
DA:197,1
DA:198,1
DA:199,1
DA:207,1
DA:208,0
DA:209,0
DA:210,0
DA:211,0
DA:212,0
DA:213,0
LF:26
LH:20
BRDA:37,0,0,1
BRDA:37,0,1,1
BRDA:131,1,0,1
BRDA:131,1,1,1
BRDA:169,2,0,1
BRDA:169,2,1,1
BRDA:196,3,0,1
BRDA:196,3,1,1
BRF:8
BRH:8
end_of_record
TN:
SF:src/_helpers/index.ts
FN:30,(anonymous_7)
FN:31,(anonymous_8)
FN:32,(anonymous_9)
FN:33,(anonymous_10)
FN:34,(anonymous_11)
FN:35,(anonymous_12)
FN:38,(anonymous_13)
FN:36,(anonymous_14)
FN:37,(anonymous_15)
FN:39,(anonymous_16)
FN:40,(anonymous_17)
FNF:11
FNH:9
FNDA:1,(anonymous_7)
FNDA:2,(anonymous_8)
FNDA:6,(anonymous_9)
FNDA:0,(anonymous_10)
FNDA:2,(anonymous_11)
FNDA:1,(anonymous_12)
FNDA:0,(anonymous_13)
FNDA:4,(anonymous_14)
FNDA:2,(anonymous_15)
FNDA:6,(anonymous_16)
FNDA:1,(anonymous_17)
DA:12,1
DA:13,1
DA:14,1
DA:15,1
DA:16,1
DA:17,1
DA:27,1
DA:28,1
DA:29,1
DA:30,2
DA:31,3
DA:32,7
DA:33,1
DA:34,3
DA:35,2
DA:36,5
DA:37,3
DA:38,1
DA:39,7
DA:40,2
LF:20
LH:20
BRF:0
BRH:0
end_of_record
TN:
SF:src/_helpers/swagger.ts
FNF:0
FNH:0
DA:12,1
DA:13,1
DA:15,1
DA:39,1
DA:58,1
DA:60,1
LF:6
LH:6
BRF:0
BRH:0
end_of_record
TN:
SF:src/_middleware/authorise.ts
FN:30,authorise
FN:37,(anonymous_2)
FN:46,(anonymous_3)
FNF:3
FNH:2
FNDA:59,authorise
FNDA:6,(anonymous_2)
FNDA:0,(anonymous_3)
DA:13,1
DA:17,1
DA:30,1
DA:31,59
DA:38,6
DA:40,6
DA:41,6
DA:45,6
DA:46,6
DA:47,6
LF:10
LH:10
BRDA:30,0,0,40
BRDA:40,1,0,0
BRDA:40,1,1,6
BRDA:41,2,0,0
BRDA:41,2,1,6
BRDA:41,3,0,6
BRDA:41,3,1,0
BRF:7
BRH:4
end_of_record
TN:
SF:src/_middleware/error-handler.ts
FN:87,errorHandler
FN:115,(anonymous_2)
FNF:2
FNH:2
FNDA:132,errorHandler
FNDA:3,(anonymous_2)
DA:16,1
DA:87,1
DA:93,132
DA:95,132
DA:98,36
DA:99,36
DA:100,36
DA:103,96
DA:104,93
DA:107,3
DA:109,0
DA:113,3
DA:114,3
DA:115,3
DA:116,3
DA:118,3
DA:122,0
DA:126,0
DA:128,0
DA:131,0
DA:135,0
DA:138,0
DA:140,0
LF:23
LH:15
BRDA:93,0,0,0
BRDA:93,0,1,132
BRDA:96,1,0,36
BRDA:96,1,1,96
BRDA:96,1,2,0
BRDA:99,2,0,0
BRDA:99,2,1,36
BRDA:103,3,0,93
BRDA:103,3,1,3
BRDA:103,4,0,96
BRDA:103,4,1,93
BRDA:108,5,0,0
BRDA:108,5,1,3
BRDA:108,5,2,0
BRDA:108,5,3,0
BRDA:108,5,4,0
BRDA:114,6,0,0
BRDA:114,6,1,3
BRDA:127,7,0,0
BRDA:127,7,1,0
BRF:20
BRH:10
end_of_record
TN:
SF:src/_middleware/index.ts
FNF:0
FNH:0
DA:11,1
DA:12,1
DA:13,1
DA:15,1
LF:4
LH:4
BRF:0
BRH:0
end_of_record
TN:
SF:src/_middleware/validate-request.ts
FN:25,validateRequest
FN:36,(anonymous_1)
FNF:2
FNH:2
FNDA:88,validateRequest
FNDA:2,(anonymous_1)
DA:25,1
DA:27,88
DA:33,88
DA:35,88
DA:36,2
DA:38,86
DA:39,86
LF:7
LH:7
BRDA:35,0,0,2
BRDA:35,0,1,86
BRF:2
BRH:2
end_of_record
TN:
SF:src/games/control.model.ts
FN:174,(anonymous_2)
FNF:1
FNH:1
FNDA:3,(anonymous_2)
DA:14,1
DA:15,1
DA:17,1
DA:18,1
DA:104,1
DA:112,1
DA:118,1
DA:124,1
DA:130,1
DA:136,1
DA:142,1
DA:148,1
DA:154,1
DA:160,1
DA:166,1
DA:174,3
DA:175,1
DA:183,1
DA:189,1
DA:192,1
LF:20
LH:20
BRF:0
BRH:0
end_of_record
TN:
SF:src/games/controls.controller.ts
FN:31,(anonymous_0)
FNF:1
FNH:1
FNDA:1,(anonymous_0)
DA:13,1
DA:27,1
DA:32,1
DA:34,1
DA:35,1
DA:36,1
DA:37,1
LF:7
LH:7
BRF:0
BRH:0
end_of_record
TN:
SF:src/games/controls.service.ts
FN:25,(anonymous_0)
FN:38,(anonymous_1)
FN:58,(anonymous_2)
FNF:3
FNH:1
FNDA:1,(anonymous_0)
FNDA:0,(anonymous_1)
FNDA:0,(anonymous_2)
DA:13,1
DA:15,1
DA:21,1
DA:26,1
DA:39,0
DA:41,0
DA:42,0
DA:43,0
DA:46,0
DA:72,0
DA:73,0
LF:11
LH:4
BRDA:38,0,0,0
BRDA:43,1,0,0
BRDA:43,1,1,0
BRF:3
BRH:0
end_of_record
TN:
SF:src/games/event.model.ts
FN:85,(anonymous_2)
FN:115,(anonymous_3)
FN:131,(anonymous_4)
FNF:3
FNH:3
FNDA:3,(anonymous_2)
FNDA:3,(anonymous_3)
FNDA:2,(anonymous_4)
DA:12,1
DA:13,1
DA:15,1
DA:16,1
DA:81,1
DA:85,3
DA:86,1
DA:92,1
DA:98,1
DA:104,1
DA:110,1
DA:115,3
DA:116,1
DA:126,1
DA:131,2
DA:132,1
DA:135,1
DA:138,1
LF:18
LH:18
BRF:0
BRH:0
end_of_record
TN:
SF:src/games/events.controller.ts
FN:32,(anonymous_0)
FNF:1
FNH:1
FNDA:1,(anonymous_0)
DA:13,1
DA:28,1
DA:33,1
DA:35,1
DA:36,1
DA:37,1
DA:38,1
LF:7
LH:7
BRF:0
BRH:0
end_of_record
TN:
SF:src/games/events.service.ts
FN:28,(anonymous_0)
FN:43,(anonymous_1)
FN:66,(anonymous_2)
FN:82,(anonymous_3)
FN:101,(anonymous_4)
FNF:5
FNH:1
FNDA:1,(anonymous_0)
FNDA:0,(anonymous_1)
FNDA:0,(anonymous_2)
FNDA:0,(anonymous_3)
FNDA:0,(anonymous_4)
DA:14,1
DA:16,1
DA:17,1
DA:24,1
DA:29,1
DA:50,0
DA:52,0
DA:67,0
DA:69,0
DA:83,0
DA:84,0
DA:85,0
DA:86,0
DA:87,0
DA:89,0
DA:102,0
DA:103,0
LF:17
LH:5
BRDA:50,0,0,0
BRDA:50,0,1,0
BRDA:67,1,0,0
BRDA:67,1,1,0
BRDA:84,2,0,0
BRDA:84,2,1,0
BRDA:87,3,0,0
BRDA:87,3,1,0
BRF:8
BRH:0
end_of_record
TN:
SF:src/games/game.model.ts
FN:134,(anonymous_2)
FN:223,(anonymous_3)
FN:230,(anonymous_4)
FN:238,(anonymous_5)
FNF:4
FNH:4
FNDA:1,(anonymous_2)
FNDA:1,(anonymous_3)
FNDA:1,(anonymous_4)
FNDA:1,(anonymous_5)
DA:13,1
DA:14,1
DA:16,1
DA:17,1
DA:128,1
DA:134,1
DA:135,1
DA:141,1
DA:149,1
DA:158,1
DA:164,1
DA:170,1
DA:176,1
DA:182,1
DA:188,1
DA:194,1
DA:200,1
DA:206,1
DA:212,1
DA:218,1
DA:223,1
DA:224,1
DA:230,1
DA:231,1
DA:238,1
DA:239,1
DA:242,1
LF:27
LH:27
BRF:0
BRH:0
end_of_record
TN:
SF:src/games/games.controller.ts
FN:34,(anonymous_1)
FN:48,(anonymous_2)
FN:142,(anonymous_3)
FN:268,(anonymous_4)
FN:486,(anonymous_5)
FN:504,(anonymous_6)
FN:516,(anonymous_7)
FN:533,(anonymous_8)
FN:551,(anonymous_9)
FN:556,(anonymous_10)
FN:577,(anonymous_11)
FN:582,(anonymous_12)
FN:597,(anonymous_13)
FN:600,(anonymous_14)
FN:617,(anonymous_15)
FN:622,(anonymous_16)
FN:636,(anonymous_17)
FN:656,(anonymous_18)
FN:662,(anonymous_19)
FN:679,(anonymous_20)
FN:701,(anonymous_21)
FN:716,(anonymous_22)
FN:733,(anonymous_23)
FN:754,(anonymous_24)
FN:764,(anonymous_25)
FN:783,(anonymous_26)
FN:801,(anonymous_27)
FN:811,(anonymous_28)
FN:825,(anonymous_29)
FN:832,(anonymous_30)
FN:849,(anonymous_31)
FN:867,(anonymous_32)
FN:872,(anonymous_33)
FN:892,(anonymous_34)
FN:898,(anonymous_35)
FNF:35
FNH:4
FNDA:1,(anonymous_1)
FNDA:1,(anonymous_2)
FNDA:1,(anonymous_3)
FNDA:1,(anonymous_4)
FNDA:0,(anonymous_5)
FNDA:0,(anonymous_6)
FNDA:0,(anonymous_7)
FNDA:0,(anonymous_8)
FNDA:0,(anonymous_9)
FNDA:0,(anonymous_10)
FNDA:0,(anonymous_11)
FNDA:0,(anonymous_12)
FNDA:0,(anonymous_13)
FNDA:0,(anonymous_14)
FNDA:0,(anonymous_15)
FNDA:0,(anonymous_16)
FNDA:0,(anonymous_17)
FNDA:0,(anonymous_18)
FNDA:0,(anonymous_19)
FNDA:0,(anonymous_20)
FNDA:0,(anonymous_21)
FNDA:0,(anonymous_22)
FNDA:0,(anonymous_23)
FNDA:0,(anonymous_24)
FNDA:0,(anonymous_25)
FNDA:0,(anonymous_26)
FNDA:0,(anonymous_27)
FNDA:0,(anonymous_28)
FNDA:0,(anonymous_29)
FNDA:0,(anonymous_30)
FNDA:0,(anonymous_31)
FNDA:0,(anonymous_32)
FNDA:0,(anonymous_33)
FNDA:0,(anonymous_34)
FNDA:0,(anonymous_35)
DA:13,1
DA:14,1
DA:15,1
DA:17,1
DA:18,1
DA:19,1
DA:21,1
DA:30,1
DA:35,1
DA:37,1
DA:38,1
DA:39,1
DA:40,1
DA:88,1
DA:132,1
DA:134,1
DA:175,1
DA:202,1
DA:207,1
DA:240,1
DA:263,1
DA:265,1
DA:317,1
DA:361,1
DA:403,1
DA:427,1
DA:460,1
DA:462,1
DA:487,0
DA:491,0
DA:505,0
DA:509,0
DA:511,0
DA:512,0
DA:514,0
DA:516,0
DA:534,0
DA:538,0
DA:552,0
DA:554,0
DA:556,0
DA:578,0
DA:580,0
DA:582,0
DA:598,0
DA:600,0
DA:618,0
DA:620,0
DA:622,0
DA:637,0
DA:657,0
DA:658,0
DA:660,0
DA:662,0
DA:680,0
DA:685,0
DA:702,0
DA:707,0
DA:709,0
DA:716,0
DA:734,0
DA:738,0
DA:755,0
DA:756,0
DA:758,0
DA:765,0
DA:784,0
DA:788,0
DA:802,0
DA:803,0
DA:805,0
DA:811,0
DA:826,0
DA:828,0
DA:832,0
DA:850,0
DA:854,0
DA:868,0
DA:870,0
DA:872,0
DA:893,0
DA:894,0
DA:896,0
DA:899,0
LF:84
LH:28
BRDA:618,0,0,0
BRDA:618,0,1,0
BRF:2
BRH:0
end_of_record
TN:
SF:src/games/games.service.ts
FN:33,(anonymous_1)
FN:53,(anonymous_2)
FN:93,(anonymous_3)
FN:115,(anonymous_4)
FN:130,(anonymous_5)
FN:164,(anonymous_6)
FN:190,(anonymous_7)
FN:206,(anonymous_8)
FN:218,(anonymous_9)
FN:235,(anonymous_10)
FN:246,(anonymous_11)
FN:269,(anonymous_12)
FN:312,(anonymous_13)
FN:333,(anonymous_14)
FN:347,(anonymous_15)
FN:371,(anonymous_16)
FN:421,(anonymous_17)
FN:442,(anonymous_18)
FN:462,(anonymous_19)
FN:519,(anonymous_20)
FN:539,(anonymous_21)
FN:559,(anonymous_22)
FNF:22
FNH:1
FNDA:1,(anonymous_1)
FNDA:0,(anonymous_2)
FNDA:0,(anonymous_3)
FNDA:0,(anonymous_4)
FNDA:0,(anonymous_5)
FNDA:0,(anonymous_6)
FNDA:0,(anonymous_7)
FNDA:0,(anonymous_8)
FNDA:0,(anonymous_9)
FNDA:0,(anonymous_10)
FNDA:0,(anonymous_11)
FNDA:0,(anonymous_12)
FNDA:0,(anonymous_13)
FNDA:0,(anonymous_14)
FNDA:0,(anonymous_15)
FNDA:0,(anonymous_16)
FNDA:0,(anonymous_17)
FNDA:0,(anonymous_18)
FNDA:0,(anonymous_19)
FNDA:0,(anonymous_20)
FNDA:0,(anonymous_21)
FNDA:0,(anonymous_22)
DA:14,1
DA:15,1
DA:16,1
DA:18,1
DA:24,1
DA:34,1
DA:36,1
DA:37,1
DA:57,0
DA:58,0
DA:60,0
DA:64,0
DA:65,0
DA:67,0
DA:68,0
DA:70,0
DA:75,0
DA:94,0
DA:96,0
DA:116,0
DA:131,0
DA:132,0
DA:134,0
DA:136,0
DA:137,0
DA:139,0
DA:140,0
DA:143,0
DA:145,0
DA:167,0
DA:168,0
DA:170,0
DA:174,0
DA:177,0
DA:191,0
DA:192,0
DA:207,0
DA:208,0
DA:219,0
DA:236,0
DA:246,0
DA:248,0
DA:256,0
DA:280,0
DA:282,0
DA:283,0
DA:285,0
DA:287,0
DA:289,0
DA:291,0
DA:293,0
DA:313,0
DA:314,0
DA:317,0
DA:342,0
DA:343,0
DA:345,0
DA:346,0
DA:347,0
DA:349,0
DA:351,0
DA:380,0
DA:385,0
DA:388,0
DA:396,0
DA:401,0
DA:428,0
DA:430,0
DA:432,0
DA:439,0
DA:443,0
DA:444,0
DA:469,0
DA:474,0
DA:476,0
DA:477,0
DA:478,0
DA:479,0
DA:480,0
DA:484,0
DA:486,0
DA:488,0
DA:490,0
DA:492,0
DA:497,0
DA:499,0
DA:500,0
DA:503,0
DA:505,0
DA:520,0
DA:522,0
DA:523,0
DA:524,0
DA:526,0
DA:540,0
DA:542,0
DA:543,0
DA:544,0
DA:547,0
DA:577,0
DA:579,0
LF:101
LH:8
BRDA:64,0,0,0
BRDA:64,0,1,0
BRDA:94,1,0,0
BRDA:94,1,1,0
BRDA:135,2,0,0
BRDA:135,2,1,0
BRDA:135,2,2,0
BRDA:167,3,0,0
BRDA:167,3,1,0
BRDA:169,4,0,0
BRDA:169,4,1,0
BRDA:313,5,0,0
BRDA:313,5,1,0
BRDA:314,6,0,0
BRDA:314,6,1,0
BRDA:314,7,0,0
BRDA:314,7,1,0
BRDA:474,8,0,0
BRDA:474,8,1,0
BRDA:476,9,0,0
BRDA:476,9,1,0
BRDA:478,10,0,0
BRDA:478,10,1,0
BRDA:497,11,0,0
BRDA:497,11,1,0
BRDA:542,12,0,0
BRDA:542,12,1,0
BRDA:544,13,0,0
BRDA:544,13,1,0
BRF:29
BRH:0
end_of_record
TN:
SF:src/games/securityArea.model.ts
FN:116,(anonymous_2)
FN:120,(anonymous_3)
FNF:2
FNH:2
FNDA:1,(anonymous_2)
FNDA:1,(anonymous_3)
DA:13,1
DA:14,1
DA:16,1
DA:79,1
DA:87,1
DA:93,1
DA:99,1
DA:105,1
DA:111,1
DA:116,1
DA:117,1
DA:120,1
DA:124,1
DA:127,1
LF:14
LH:14
BRF:0
BRH:0
end_of_record
TN:
SF:src/games/securityAreas.controller.ts
FN:35,(anonymous_1)
FN:50,(anonymous_2)
FN:96,(anonymous_3)
FN:98,(anonymous_4)
FNF:4
FNH:2
FNDA:1,(anonymous_1)
FNDA:1,(anonymous_2)
FNDA:0,(anonymous_3)
FNDA:0,(anonymous_4)
DA:15,1
DA:16,1
DA:17,1
DA:31,1
DA:36,1
DA:38,1
DA:39,1
DA:40,1
DA:41,1
DA:73,1
DA:75,1
DA:97,0
DA:98,0
LF:13
LH:11
BRF:0
BRH:0
end_of_record
TN:
SF:src/games/securityAreas.service.ts
FN:24,(anonymous_0)
FN:36,(anonymous_1)
FN:49,(anonymous_2)
FN:51,(anonymous_3)
FN:64,(anonymous_4)
FN:81,(anonymous_5)
FNF:6
FNH:1
FNDA:1,(anonymous_0)
FNDA:0,(anonymous_1)
FNDA:0,(anonymous_2)
FNDA:0,(anonymous_3)
FNDA:0,(anonymous_4)
FNDA:0,(anonymous_5)
DA:13,1
DA:15,1
DA:20,1
DA:25,1
DA:37,0
DA:38,0
DA:50,0
DA:51,0
DA:65,0
DA:67,0
DA:69,0
DA:82,0
DA:83,0
LF:13
LH:4
BRDA:49,0,0,0
BRDA:67,1,0,0
BRDA:67,1,1,0
BRF:3
BRH:0
end_of_record
TN:
SF:src/games/settings.model.ts
FNF:0
FNH:0
DA:13,1
DA:41,1
DA:46,1
DA:52,1
DA:59,1
LF:5
LH:5
BRF:0
BRH:0
end_of_record
TN:
SF:src/games/simulations.service.ts
FN:42,(anonymous_0)
FN:63,(anonymous_1)
FN:98,(anonymous_2)
FN:127,(anonymous_3)
FN:145,(anonymous_4)
FN:166,(anonymous_5)
FN:168,(anonymous_6)
FN:179,(anonymous_7)
FN:209,(anonymous_8)
FN:220,(anonymous_9)
FN:243,(anonymous_10)
FN:266,(anonymous_11)
FNF:12
FNH:1
FNDA:1,(anonymous_0)
FNDA:0,(anonymous_1)
FNDA:0,(anonymous_2)
FNDA:0,(anonymous_3)
FNDA:0,(anonymous_4)
FNDA:0,(anonymous_5)
FNDA:0,(anonymous_6)
FNDA:0,(anonymous_7)
FNDA:0,(anonymous_8)
FNDA:0,(anonymous_9)
FNDA:0,(anonymous_10)
FNDA:0,(anonymous_11)
DA:26,1
DA:28,1
DA:34,1
DA:43,1
DA:44,0
DA:47,0
DA:48,0
DA:49,0
DA:64,0
DA:66,0
DA:71,0
DA:72,0
DA:74,0
DA:75,0
DA:82,0
DA:83,0
DA:109,0
DA:110,0
DA:111,0
DA:113,0
DA:115,0
DA:116,0
DA:117,0
DA:118,0
DA:119,0
DA:121,0
DA:127,0
DA:129,0
DA:132,0
DA:146,0
DA:168,0
DA:169,0
DA:171,0
DA:172,0
DA:174,0
DA:175,0
DA:177,0
DA:178,0
DA:179,0
DA:180,0
DA:181,0
DA:185,0
DA:186,0
DA:187,0
DA:211,0
DA:212,0
DA:213,0
DA:215,0
DA:216,0
DA:218,0
DA:219,0
DA:220,0
DA:221,0
DA:222,0
DA:226,0
DA:227,0
DA:228,0
DA:244,0
DA:246,0
DA:247,0
DA:249,0
DA:250,0
DA:252,0
DA:254,0
DA:255,0
DA:256,0
DA:257,0
DA:258,0
DA:259,0
DA:260,0
DA:263,0
DA:266,0
LF:72
LH:4
BRDA:145,0,0,0
BRDA:169,1,0,0
BRDA:169,1,1,0
BRDA:175,2,0,0
BRDA:175,2,1,0
BRDA:177,3,0,0
BRDA:177,3,1,0
BRDA:186,4,0,0
BRDA:186,4,1,0
BRDA:187,5,0,0
BRDA:187,5,1,0
BRDA:209,6,0,0
BRDA:211,7,0,0
BRDA:211,7,1,0
BRDA:216,8,0,0
BRDA:216,8,1,0
BRDA:218,9,0,0
BRDA:218,9,1,0
BRDA:227,10,0,0
BRDA:227,10,1,0
BRDA:228,11,0,0
BRDA:228,11,1,0
BRDA:252,12,0,0
BRDA:252,12,1,0
BRF:24
BRH:0
end_of_record
TN:
SF:src/organisations/organisation.model.ts
FN:147,(anonymous_2)
FN:187,(anonymous_3)
FN:119,(anonymous_4)
FN:130,(anonymous_5)
FNF:4
FNH:2
FNDA:1,(anonymous_2)
FNDA:1,(anonymous_3)
FNDA:0,(anonymous_4)
FNDA:0,(anonymous_5)
DA:13,1
DA:14,1
DA:17,1
DA:18,1
DA:19,1
DA:120,0
DA:121,0
DA:132,0
DA:141,1
DA:147,1
DA:148,1
DA:154,1
DA:160,1
DA:166,1
DA:174,1
DA:182,1
DA:187,1
DA:188,1
DA:195,1
DA:201,1
DA:207,1
DA:216,1
DA:219,1
LF:23
LH:20
BRF:0
BRH:0
end_of_record
TN:
SF:src/organisations/organisations.controller.ts
FN:39,(anonymous_1)
FN:54,(anonymous_2)
FN:135,(anonymous_3)
FN:330,(anonymous_4)
FN:356,(anonymous_5)
FN:370,(anonymous_6)
FN:386,(anonymous_7)
FN:391,(anonymous_8)
FN:411,(anonymous_9)
FN:417,(anonymous_10)
FN:434,(anonymous_11)
FN:456,(anonymous_12)
FN:463,(anonymous_13)
FN:480,(anonymous_14)
FN:501,(anonymous_15)
FN:507,(anonymous_16)
FN:526,(anonymous_17)
FN:548,(anonymous_18)
FN:553,(anonymous_19)
FN:570,(anonymous_20)
FN:592,(anonymous_21)
FN:597,(anonymous_22)
FN:620,(anonymous_23)
FN:626,(anonymous_24)
FNF:24
FNH:6
FNDA:1,(anonymous_1)
FNDA:1,(anonymous_2)
FNDA:1,(anonymous_3)
FNDA:4,(anonymous_4)
FNDA:0,(anonymous_5)
FNDA:0,(anonymous_6)
FNDA:0,(anonymous_7)
FNDA:0,(anonymous_8)
FNDA:1,(anonymous_9)
FNDA:1,(anonymous_10)
FNDA:0,(anonymous_11)
FNDA:0,(anonymous_12)
FNDA:0,(anonymous_13)
FNDA:0,(anonymous_14)
FNDA:0,(anonymous_15)
FNDA:0,(anonymous_16)
FNDA:0,(anonymous_17)
FNDA:0,(anonymous_18)
FNDA:0,(anonymous_19)
FNDA:0,(anonymous_20)
FNDA:0,(anonymous_21)
FNDA:0,(anonymous_22)
FNDA:0,(anonymous_23)
FNDA:0,(anonymous_24)
DA:13,1
DA:14,1
DA:15,1
DA:17,1
DA:18,1
DA:19,1
DA:21,1
DA:35,1
DA:40,1
DA:42,1
DA:43,1
DA:44,1
DA:45,1
DA:76,1
DA:99,1
DA:124,1
DA:126,1
DA:181,1
DA:221,1
DA:265,1
DA:305,1
DA:307,1
DA:331,4
DA:332,4
DA:333,4
DA:335,4
DA:357,0
DA:371,0
DA:387,0
DA:389,0
DA:391,0
DA:412,1
DA:413,1
DA:415,1
DA:417,1
DA:435,0
DA:440,0
DA:457,0
DA:458,0
DA:459,0
DA:461,0
DA:463,0
DA:481,0
DA:485,0
DA:502,0
DA:503,0
DA:505,0
DA:508,0
DA:527,0
DA:531,0
DA:549,0
DA:551,0
DA:553,0
DA:571,0
DA:575,0
DA:593,0
DA:595,0
DA:598,0
DA:621,0
DA:622,0
DA:624,0
DA:627,0
LF:62
LH:30
BRDA:459,0,0,0
BRDA:459,0,1,0
BRF:2
BRH:0
end_of_record
TN:
SF:src/organisations/organisations.service.ts
FN:27,(anonymous_0)
FN:44,(anonymous_1)
FN:61,(anonymous_2)
FN:74,(anonymous_3)
FN:93,(anonymous_4)
FN:117,(anonymous_5)
FN:132,(anonymous_6)
FN:168,(anonymous_7)
FN:185,(anonymous_8)
FN:202,(anonymous_9)
FN:235,(anonymous_10)
FN:245,(anonymous_11)
FN:248,(anonymous_12)
FN:261,(anonymous_13)
FN:273,(anonymous_14)
FN:295,(anonymous_15)
FN:349,(anonymous_16)
FN:364,(anonymous_17)
FN:382,(anonymous_18)
FN:406,(anonymous_19)
FN:424,(anonymous_20)
FN:448,(anonymous_21)
FN:477,(anonymous_22)
FNF:23
FNH:5
FNDA:1,(anonymous_0)
FNDA:4,(anonymous_1)
FNDA:0,(anonymous_2)
FNDA:0,(anonymous_3)
FNDA:1,(anonymous_4)
FNDA:0,(anonymous_5)
FNDA:0,(anonymous_6)
FNDA:0,(anonymous_7)
FNDA:0,(anonymous_8)
FNDA:0,(anonymous_9)
FNDA:0,(anonymous_10)
FNDA:0,(anonymous_11)
FNDA:0,(anonymous_12)
FNDA:0,(anonymous_13)
FNDA:0,(anonymous_14)
FNDA:0,(anonymous_15)
FNDA:0,(anonymous_16)
FNDA:0,(anonymous_17)
FNDA:0,(anonymous_18)
FNDA:0,(anonymous_19)
FNDA:1,(anonymous_20)
FNDA:0,(anonymous_21)
FNDA:5,(anonymous_22)
DA:14,1
DA:16,1
DA:17,1
DA:23,1
DA:28,1
DA:45,4
DA:46,4
DA:48,4
DA:62,0
DA:75,0
DA:96,1
DA:97,0
DA:99,0
DA:103,0
DA:106,1
DA:118,0
DA:141,0
DA:142,0
DA:144,0
DA:145,0
DA:146,0
DA:147,0
DA:148,0
DA:150,0
DA:177,0
DA:179,0
DA:181,0
DA:183,0
DA:184,0
DA:185,0
DA:186,0
DA:187,0
DA:209,0
DA:210,0
DA:212,0
DA:215,0
DA:217,0
DA:218,0
DA:220,0
DA:222,0
DA:242,0
DA:243,0
DA:245,0
DA:246,0
DA:247,0
DA:248,0
DA:250,0
DA:251,0
DA:262,0
DA:274,0
DA:302,0
DA:304,0
DA:305,0
DA:307,0
DA:308,0
DA:309,0
DA:310,0
DA:311,0
DA:315,0
DA:316,0
DA:317,0
DA:318,0
DA:319,0
DA:322,0
DA:324,0
DA:325,0
DA:327,0
DA:329,0
DA:331,0
DA:356,0
DA:357,0
DA:359,0
DA:361,0
DA:365,0
DA:367,0
DA:368,0
DA:370,0
DA:386,0
DA:391,0
DA:393,0
DA:407,0
DA:409,0
DA:411,0
DA:425,1
DA:426,1
DA:427,1
DA:428,1
DA:430,1
DA:457,0
DA:458,0
DA:459,0
DA:460,0
DA:461,0
DA:465,0
DA:478,5
DA:479,5
LF:96
LH:17
BRDA:61,0,0,0
BRDA:96,1,0,0
BRDA:96,1,1,1
BRDA:98,2,0,0
BRDA:98,2,1,0
BRDA:144,3,0,0
BRDA:144,3,1,0
BRDA:183,4,0,0
BRDA:183,4,1,0
BRDA:245,5,0,0
BRDA:245,5,1,0
BRDA:310,6,0,0
BRDA:310,6,1,0
BRDA:310,7,0,0
BRDA:310,7,1,0
BRDA:315,8,0,0
BRDA:315,8,1,0
BRDA:322,9,0,0
BRDA:322,9,1,0
BRDA:327,10,0,0
BRDA:327,10,1,0
BRDA:367,11,0,0
BRDA:367,11,1,0
BRDA:384,12,0,0
BRDA:391,13,0,0
BRDA:391,13,1,0
BRDA:409,14,0,0
BRDA:409,14,1,0
BRDA:426,15,0,1
BRDA:426,15,1,0
BRDA:428,16,0,0
BRDA:428,16,1,1
BRDA:457,17,0,0
BRDA:457,17,1,0
BRDA:460,18,0,0
BRDA:460,18,1,0
BRDA:461,19,0,0
BRDA:461,19,1,0
BRF:38
BRH:3
end_of_record
TN:
SF:src/users/refreshToken.model.ts
FN:82,(anonymous_2)
FN:66,(anonymous_3)
FNF:2
FNH:1
FNDA:1,(anonymous_2)
FNDA:0,(anonymous_3)
DA:15,1
DA:16,1
DA:18,1
DA:19,1
DA:68,0
DA:76,1
DA:82,1
DA:83,1
DA:89,1
DA:95,1
DA:101,1
DA:109,1
DA:127,1
LF:13
LH:12
BRF:0
BRH:0
end_of_record
TN:
SF:src/users/user.model.ts
FN:109,(anonymous_3)
FN:50,(anonymous_4)
FN:59,(anonymous_5)
FNF:3
FNH:2
FNDA:0,(anonymous_3)
FNDA:41,(anonymous_4)
FNDA:4,(anonymous_5)
DA:13,1
DA:14,1
DA:16,1
DA:51,41
DA:52,41
DA:61,4
DA:62,4
DA:63,4
DA:71,1
DA:76,1
DA:88,1
DA:94,1
DA:100,1
DA:110,0
DA:114,1
LF:15
LH:14
BRF:0
BRH:0
end_of_record
TN:
SF:src/users/users.controller.ts
FN:42,(anonymous_1)
FN:67,(anonymous_2)
FN:243,(anonymous_3)
FN:279,(anonymous_4)
FN:331,(anonymous_5)
FN:351,(anonymous_6)
FN:358,(anonymous_7)
FN:386,(anonymous_8)
FN:393,(anonymous_9)
FN:419,(anonymous_10)
FN:428,(anonymous_11)
FN:446,(anonymous_12)
FN:455,(anonymous_13)
FN:482,(anonymous_14)
FN:500,(anonymous_15)
FN:507,(anonymous_16)
FN:530,(anonymous_17)
FNF:17
FNH:9
FNDA:1,(anonymous_1)
FNDA:1,(anonymous_2)
FNDA:1,(anonymous_3)
FNDA:1,(anonymous_4)
FNDA:40,(anonymous_5)
FNDA:0,(anonymous_6)
FNDA:0,(anonymous_7)
FNDA:38,(anonymous_8)
FNDA:4,(anonymous_9)
FNDA:1,(anonymous_10)
FNDA:0,(anonymous_11)
FNDA:0,(anonymous_12)
FNDA:0,(anonymous_13)
FNDA:0,(anonymous_14)
FNDA:0,(anonymous_15)
FNDA:0,(anonymous_16)
FNDA:4,(anonymous_17)
DA:13,1
DA:16,1
DA:17,1
DA:19,1
DA:20,1
DA:38,1
DA:43,1
DA:49,1
DA:50,1
DA:51,1
DA:52,1
DA:54,1
DA:55,1
DA:56,1
DA:57,1
DA:98,1
DA:139,1
DA:178,1
DA:205,1
DA:232,1
DA:234,1
DA:267,1
DA:269,1
DA:304,1
DA:306,1
DA:332,40
DA:336,40
DA:352,0
DA:353,0
DA:355,0
DA:367,0
DA:368,0
DA:387,38
DA:388,38
DA:390,38
DA:402,4
DA:403,4
DA:420,1
DA:422,1
DA:424,1
DA:426,1
DA:429,0
DA:430,0
DA:447,0
DA:449,0
DA:451,0
DA:453,0
DA:456,0
DA:457,0
DA:483,0
DA:486,0
DA:501,0
DA:503,0
DA:505,0
DA:508,0
DA:532,4
DA:540,4
LF:57
LH:38
BRDA:422,0,0,1
BRDA:422,0,1,0
BRDA:449,1,0,0
BRDA:449,1,1,0
BRDA:501,2,0,0
BRDA:501,2,1,0
BRDA:503,3,0,0
BRDA:503,3,1,0
BRDA:530,4,0,4
BRDA:533,5,0,4
BRDA:533,5,1,0
BRDA:536,6,0,4
BRDA:536,6,1,0
BRDA:537,7,0,4
BRDA:537,7,1,0
BRDA:538,8,0,4
BRDA:538,8,1,0
BRDA:540,9,0,0
BRDA:540,9,1,4
BRF:19
BRH:7
end_of_record
TN:
SF:src/users/users.service.ts
FN:28,(anonymous_1)
FN:41,(anonymous_2)
FN:65,(anonymous_3)
FN:80,(anonymous_4)
FN:125,(anonymous_5)
FN:166,(anonymous_6)
FN:209,(anonymous_7)
FN:229,(anonymous_8)
FN:243,(anonymous_9)
FN:250,(anonymous_10)
FN:263,(anonymous_11)
FN:283,(anonymous_12)
FN:307,(anonymous_13)
FN:320,(anonymous_14)
FN:335,(anonymous_15)
FN:349,(anonymous_16)
FN:364,(anonymous_17)
FNF:17
FNH:11
FNDA:1,(anonymous_1)
FNDA:43,(anonymous_2)
FNDA:0,(anonymous_3)
FNDA:0,(anonymous_4)
FNDA:38,(anonymous_5)
FNDA:1,(anonymous_6)
FNDA:36,(anonymous_7)
FNDA:0,(anonymous_8)
FNDA:36,(anonymous_9)
FNDA:0,(anonymous_10)
FNDA:1,(anonymous_11)
FNDA:4,(anonymous_12)
FNDA:38,(anonymous_13)
FNDA:0,(anonymous_14)
FNDA:4,(anonymous_15)
FNDA:42,(anonymous_16)
FNDA:0,(anonymous_17)
DA:12,1
DA:13,1
DA:15,1
DA:17,1
DA:19,1
DA:24,1
DA:29,1
DA:42,43
DA:44,41
DA:53,41
DA:66,0
DA:89,0
DA:91,0
DA:93,0
DA:94,0
DA:97,0
DA:99,0
DA:102,0
DA:103,0
DA:105,0
DA:107,0
DA:134,38
DA:136,38
DA:137,2
DA:140,36
DA:143,4
DA:144,4
DA:146,4
DA:148,4
DA:175,1
DA:176,0
DA:177,0
DA:180,0
DA:185,0
DA:186,0
DA:189,0
DA:192,0
DA:210,36
DA:212,4
DA:213,0
DA:216,4
DA:230,0
DA:245,36
DA:248,4
DA:250,4
DA:264,1
DA:268,1
DA:269,0
DA:289,4
DA:308,38
DA:321,0
DA:322,0
DA:323,0
DA:337,4
DA:350,42
DA:351,42
DA:365,0
DA:366,0
LF:58
LH:32
BRDA:93,0,0,0
BRDA:93,0,1,0
BRDA:93,1,0,0
BRDA:93,1,1,0
BRDA:99,2,0,0
BRDA:99,2,1,0
BRDA:136,3,0,2
BRDA:136,3,1,36
BRDA:136,4,0,38
BRDA:136,4,1,37
BRDA:169,5,0,1
BRDA:177,6,0,0
BRDA:177,6,1,0
BRDA:209,7,0,36
BRDA:229,8,0,0
BRDA:243,9,0,0
BRDA:263,10,0,0
BRDA:268,11,0,1
BRDA:268,11,1,0
BRDA:286,12,0,4
BRF:20
BRH:8
end_of_record
TN:
SF:tests/adminModels.test.ts
FN:38,(anonymous_1)
FN:43,(anonymous_2)
FN:44,(anonymous_3)
FN:53,(anonymous_4)
FN:57,(anonymous_5)
FN:58,(anonymous_6)
FN:63,(anonymous_7)
FN:67,(anonymous_8)
FN:68,(anonymous_9)
FN:73,(anonymous_10)
FNF:10
FNH:2
FNDA:2,(anonymous_1)
FNDA:2,(anonymous_2)
FNDA:0,(anonymous_3)
FNDA:0,(anonymous_4)
FNDA:0,(anonymous_5)
FNDA:0,(anonymous_6)
FNDA:0,(anonymous_7)
FNDA:0,(anonymous_8)
FNDA:0,(anonymous_9)
FNDA:0,(anonymous_10)
DA:1,1
DA:2,1
DA:3,1
DA:6,1
DA:7,1
DA:12,1
DA:13,1
DA:14,1
DA:16,1
DA:21,1
DA:33,1
DA:34,1
DA:36,1
DA:38,1
DA:39,2
DA:40,2
DA:41,2
DA:43,2
DA:44,2
DA:45,0
DA:47,0
DA:48,0
DA:50,0
DA:53,2
DA:54,0
DA:56,0
DA:57,0
DA:59,0
DA:63,2
DA:64,0
DA:66,0
DA:67,0
DA:69,0
DA:73,2
DA:74,0
LF:35
LH:22
BRDA:45,0,0,0
BRDA:45,0,1,0
BRDA:47,1,0,0
BRDA:47,1,1,0
BRF:4
BRH:0
end_of_record
TN:
SF:tests/baseModels.test.ts
FN:77,(anonymous_1)
FN:85,(anonymous_2)
FN:86,(anonymous_3)
FN:94,(anonymous_4)
FN:98,(anonymous_5)
FN:99,(anonymous_6)
FN:104,(anonymous_7)
FN:108,(anonymous_8)
FN:109,(anonymous_9)
FN:114,(anonymous_10)
FN:127,(anonymous_11)
FN:130,(anonymous_12)
FN:135,(anonymous_13)
FN:141,(anonymous_14)
FN:146,(anonymous_15)
FN:153,(anonymous_16)
FN:164,(anonymous_17)
FN:178,(anonymous_18)
FN:181,(anonymous_19)
FN:186,(anonymous_20)
FN:192,(anonymous_21)
FN:197,(anonymous_22)
FN:204,(anonymous_23)
FN:215,(anonymous_24)
FN:230,(anonymous_25)
FN:247,(anonymous_26)
FN:248,(anonymous_27)
FN:253,(anonymous_28)
FN:259,(anonymous_29)
FN:264,(anonymous_30)
FN:271,(anonymous_31)
FN:282,(anonymous_32)
FN:297,(anonymous_33)
FN:308,(anonymous_34)
FN:311,(anonymous_35)
FN:316,(anonymous_36)
FN:322,(anonymous_37)
FN:327,(anonymous_38)
FN:334,(anonymous_39)
FN:345,(anonymous_40)
FN:356,(anonymous_41)
FN:366,(anonymous_42)
FN:369,(anonymous_43)
FN:374,(anonymous_44)
FN:380,(anonymous_45)
FN:385,(anonymous_46)
FN:392,(anonymous_47)
FN:403,(anonymous_48)
FN:415,(anonymous_49)
FNF:49
FNH:40
FNDA:6,(anonymous_1)
FNDA:6,(anonymous_2)
FNDA:6,(anonymous_3)
FNDA:120,(anonymous_4)
FNDA:2,(anonymous_5)
FNDA:2,(anonymous_6)
FNDA:120,(anonymous_7)
FNDA:31,(anonymous_8)
FNDA:31,(anonymous_9)
FNDA:6,(anonymous_10)
FNDA:6,(anonymous_11)
FNDA:18,(anonymous_12)
FNDA:18,(anonymous_13)
FNDA:6,(anonymous_14)
FNDA:6,(anonymous_15)
FNDA:6,(anonymous_16)
FNDA:0,(anonymous_17)
FNDA:6,(anonymous_18)
FNDA:18,(anonymous_19)
FNDA:18,(anonymous_20)
FNDA:6,(anonymous_21)
FNDA:6,(anonymous_22)
FNDA:6,(anonymous_23)
FNDA:0,(anonymous_24)
FNDA:0,(anonymous_25)
FNDA:6,(anonymous_26)
FNDA:18,(anonymous_27)
FNDA:18,(anonymous_28)
FNDA:6,(anonymous_29)
FNDA:6,(anonymous_30)
FNDA:6,(anonymous_31)
FNDA:0,(anonymous_32)
FNDA:0,(anonymous_33)
FNDA:6,(anonymous_34)
FNDA:18,(anonymous_35)
FNDA:18,(anonymous_36)
FNDA:6,(anonymous_37)
FNDA:6,(anonymous_38)
FNDA:6,(anonymous_39)
FNDA:0,(anonymous_40)
FNDA:0,(anonymous_41)
FNDA:6,(anonymous_42)
FNDA:18,(anonymous_43)
FNDA:18,(anonymous_44)
FNDA:6,(anonymous_45)
FNDA:6,(anonymous_46)
FNDA:6,(anonymous_47)
FNDA:0,(anonymous_48)
FNDA:0,(anonymous_49)
DA:1,1
DA:2,1
DA:3,1
DA:4,1
DA:6,1
DA:7,1
DA:9,1
DA:12,1
DA:13,1
DA:14,1
DA:16,1
DA:21,1
DA:46,1
DA:47,1
DA:49,1
DA:51,1
DA:77,1
DA:78,6
DA:79,6
DA:80,6
DA:81,6
DA:82,6
DA:83,6
DA:85,6
DA:86,6
DA:87,6
DA:89,6
DA:91,0
DA:94,6
DA:95,120
DA:97,120
DA:98,2
DA:100,2
DA:104,6
DA:105,120
DA:107,120
DA:108,31
DA:110,31
DA:114,6
DA:115,6
DA:127,6
DA:128,6
DA:130,6
DA:131,18
DA:136,18
DA:137,0
DA:141,6
DA:142,6
DA:147,6
DA:149,6
DA:154,6
DA:155,0
DA:157,0
DA:159,0
DA:165,0
DA:166,0
DA:167,0
DA:169,0
DA:170,0
DA:178,6
DA:179,6
DA:181,6
DA:182,18
DA:187,18
DA:188,0
DA:192,6
DA:193,6
DA:198,6
DA:200,6
DA:205,6
DA:206,0
DA:208,0
DA:210,0
DA:216,0
DA:217,0
DA:218,0
DA:220,0
DA:221,0
DA:223,0
DA:225,0
DA:231,0
DA:232,0
DA:233,0
DA:235,0
DA:236,0
DA:237,0
DA:247,6
DA:248,6
DA:249,18
DA:254,18
DA:255,0
DA:259,6
DA:260,6
DA:265,6
DA:267,6
DA:272,6
DA:273,0
DA:275,0
DA:277,0
DA:283,0
DA:284,0
DA:285,0
DA:287,0
DA:288,0
DA:290,0
DA:292,0
DA:298,0
DA:299,0
DA:308,6
DA:309,6
DA:311,6
DA:312,18
DA:317,18
DA:318,0
DA:322,6
DA:323,6
DA:328,6
DA:330,6
DA:335,6
DA:336,0
DA:338,0
DA:340,0
DA:346,0
DA:347,0
DA:349,0
DA:351,0
DA:357,0
DA:358,0
DA:366,6
DA:367,6
DA:369,6
DA:370,18
DA:375,18
DA:376,0
DA:380,6
DA:381,6
DA:386,6
DA:388,6
DA:393,6
DA:394,0
DA:396,0
DA:398,0
DA:404,0
DA:405,0
DA:407,0
DA:409,0
DA:416,0
DA:417,0
DA:418,0
DA:420,0
LF:150
LH:88
BRDA:87,0,0,0
BRDA:87,0,1,6
BRDA:89,1,0,6
BRDA:89,1,1,0
BRDA:128,2,0,3
BRDA:128,2,1,3
BRDA:165,3,0,0
BRDA:165,3,1,0
BRDA:179,4,0,3
BRDA:179,4,1,3
BRDA:216,5,0,0
BRDA:216,5,1,0
BRDA:231,6,0,0
BRDA:231,6,1,0
BRDA:283,7,0,0
BRDA:283,7,1,0
BRDA:309,8,0,3
BRDA:309,8,1,3
BRDA:367,9,0,3
BRDA:367,9,1,3
BRDA:416,10,0,0
BRDA:416,10,1,0
BRF:22
BRH:10
end_of_record
TN:
SF:tests/organisations.test.ts
FN:35,(anonymous_1)
FN:36,(anonymous_2)
FN:45,(anonymous_3)
FN:49,(anonymous_4)
FN:50,(anonymous_5)
FN:55,(anonymous_6)
FN:59,(anonymous_7)
FN:60,(anonymous_8)
FN:65,(anonymous_9)
FN:78,(anonymous_10)
FN:79,(anonymous_11)
FN:84,(anonymous_12)
FN:91,(anonymous_13)
FN:103,(anonymous_14)
FN:112,(anonymous_15)
FN:117,(anonymous_16)
FN:124,(anonymous_17)
FN:135,(anonymous_18)
FN:155,(anonymous_19)
FN:156,(anonymous_20)
FN:161,(anonymous_21)
FN:168,(anonymous_22)
FN:173,(anonymous_23)
FN:180,(anonymous_24)
FN:191,(anonymous_25)
FN:203,(anonymous_26)
FN:214,(anonymous_27)
FN:215,(anonymous_28)
FN:220,(anonymous_29)
FN:227,(anonymous_30)
FN:238,(anonymous_31)
FN:249,(anonymous_32)
FNF:32
FNH:30
FNDA:1,(anonymous_1)
FNDA:1,(anonymous_2)
FNDA:7,(anonymous_3)
FNDA:0,(anonymous_4)
FNDA:0,(anonymous_5)
FNDA:7,(anonymous_6)
FNDA:11,(anonymous_7)
FNDA:11,(anonymous_8)
FNDA:1,(anonymous_9)
FNDA:1,(anonymous_10)
FNDA:1,(anonymous_11)
FNDA:1,(anonymous_12)
FNDA:1,(anonymous_13)
FNDA:1,(anonymous_14)
FNDA:1,(anonymous_15)
FNDA:1,(anonymous_16)
FNDA:1,(anonymous_17)
FNDA:1,(anonymous_18)
FNDA:1,(anonymous_19)
FNDA:3,(anonymous_20)
FNDA:3,(anonymous_21)
FNDA:1,(anonymous_22)
FNDA:1,(anonymous_23)
FNDA:1,(anonymous_24)
FNDA:1,(anonymous_25)
FNDA:1,(anonymous_26)
FNDA:1,(anonymous_27)
FNDA:1,(anonymous_28)
FNDA:1,(anonymous_29)
FNDA:1,(anonymous_30)
FNDA:1,(anonymous_31)
FNDA:1,(anonymous_32)
DA:1,1
DA:2,1
DA:3,1
DA:6,1
DA:7,1
DA:9,1
DA:12,1
DA:13,1
DA:14,1
DA:16,1
DA:21,1
DA:26,1
DA:27,1
DA:29,1
DA:30,1
DA:31,1
DA:32,1
DA:33,1
DA:35,1
DA:36,1
DA:37,1
DA:39,1
DA:40,0
DA:42,1
DA:45,1
DA:46,7
DA:48,7
DA:49,0
DA:51,0
DA:55,1
DA:56,7
DA:58,7
DA:59,11
DA:61,11
DA:65,1
DA:66,1
DA:78,1
DA:79,1
DA:80,1
DA:85,1
DA:87,1
DA:92,1
DA:93,1
DA:95,1
DA:96,1
DA:98,1
DA:104,1
DA:105,1
DA:106,1
DA:112,1
DA:113,1
DA:118,1
DA:120,1
DA:125,1
DA:126,1
DA:128,1
DA:130,1
DA:136,1
DA:137,1
DA:148,1
DA:155,1
DA:156,1
DA:157,3
DA:162,3
DA:163,0
DA:164,0
DA:168,1
DA:169,1
DA:174,1
DA:176,1
DA:181,1
DA:182,1
DA:184,1
DA:186,1
DA:192,1
DA:193,1
DA:195,1
DA:196,1
DA:198,1
DA:204,1
DA:205,1
DA:206,1
DA:214,1
DA:215,1
DA:216,1
DA:221,1
DA:223,1
DA:228,1
DA:229,1
DA:231,1
DA:233,1
DA:239,1
DA:240,1
DA:242,1
DA:244,1
DA:250,1
DA:251,1
DA:252,1
LF:98
LH:93
BRDA:37,0,0,0
BRDA:37,0,1,1
BRDA:39,1,0,1
BRDA:39,1,1,0
BRF:4
BRH:2
end_of_record
TN:
SF:tests/users.test.ts
FN:19,(anonymous_1)
FN:25,(anonymous_2)
FN:33,(anonymous_3)
FN:37,(anonymous_4)
FN:38,(anonymous_5)
FN:43,(anonymous_6)
FN:47,(anonymous_7)
FN:48,(anonymous_8)
FN:53,(anonymous_9)
FN:66,(anonymous_10)
FN:67,(anonymous_11)
FN:72,(anonymous_12)
FN:78,(anonymous_13)
FN:83,(anonymous_14)
FN:89,(anonymous_15)
FN:94,(anonymous_16)
FN:100,(anonymous_17)
FN:107,(anonymous_18)
FN:112,(anonymous_19)
FN:118,(anonymous_20)
FN:119,(anonymous_21)
FN:124,(anonymous_22)
FN:130,(anonymous_23)
FN:135,(anonymous_24)
FN:141,(anonymous_25)
FN:146,(anonymous_26)
FN:153,(anonymous_27)
FN:160,(anonymous_28)
FN:165,(anonymous_29)
FN:172,(anonymous_30)
FN:179,(anonymous_31)
FN:184,(anonymous_32)
FN:191,(anonymous_33)
FN:200,(anonymous_34)
FN:201,(anonymous_35)
FN:206,(anonymous_36)
FN:212,(anonymous_37)
FN:217,(anonymous_38)
FN:224,(anonymous_39)
FN:233,(anonymous_40)
FNF:40
FNH:36
FNDA:1,(anonymous_1)
FNDA:1,(anonymous_2)
FNDA:11,(anonymous_3)
FNDA:0,(anonymous_4)
FNDA:0,(anonymous_5)
FNDA:11,(anonymous_6)
FNDA:6,(anonymous_7)
FNDA:6,(anonymous_8)
FNDA:1,(anonymous_9)
FNDA:1,(anonymous_10)
FNDA:1,(anonymous_11)
FNDA:1,(anonymous_12)
FNDA:1,(anonymous_13)
FNDA:1,(anonymous_14)
FNDA:1,(anonymous_15)
FNDA:1,(anonymous_16)
FNDA:1,(anonymous_17)
FNDA:1,(anonymous_18)
FNDA:1,(anonymous_19)
FNDA:1,(anonymous_20)
FNDA:1,(anonymous_21)
FNDA:1,(anonymous_22)
FNDA:1,(anonymous_23)
FNDA:1,(anonymous_24)
FNDA:1,(anonymous_25)
FNDA:1,(anonymous_26)
FNDA:1,(anonymous_27)
FNDA:1,(anonymous_28)
FNDA:1,(anonymous_29)
FNDA:1,(anonymous_30)
FNDA:1,(anonymous_31)
FNDA:1,(anonymous_32)
FNDA:1,(anonymous_33)
FNDA:1,(anonymous_34)
FNDA:1,(anonymous_35)
FNDA:1,(anonymous_36)
FNDA:1,(anonymous_37)
FNDA:1,(anonymous_38)
FNDA:0,(anonymous_39)
FNDA:0,(anonymous_40)
DA:1,1
DA:2,1
DA:5,1
DA:6,1
DA:8,1
DA:11,1
DA:12,1
DA:14,1
DA:19,1
DA:20,1
DA:21,1
DA:22,1
DA:23,1
DA:25,1
DA:26,1
DA:28,1
DA:30,0
DA:33,1
DA:34,11
DA:36,11
DA:37,0
DA:39,0
DA:43,1
DA:44,11
DA:46,11
DA:47,6
DA:49,6
DA:53,1
DA:54,1
DA:66,1
DA:67,1
DA:68,1
DA:73,1
DA:74,1
DA:78,1
DA:79,1
DA:84,1
DA:85,1
DA:89,1
DA:90,1
DA:95,1
DA:96,1
DA:101,1
DA:102,0
DA:107,1
DA:108,1
DA:113,1
DA:118,1
DA:119,1
DA:120,1
DA:125,1
DA:126,1
DA:130,1
DA:131,1
DA:136,1
DA:137,1
DA:141,1
DA:142,1
DA:147,1
DA:149,1
DA:154,1
DA:155,1
DA:160,1
DA:161,1
DA:166,1
DA:168,1
DA:173,1
DA:174,1
DA:179,1
DA:180,1
DA:185,1
DA:187,1
DA:192,1
DA:193,0
DA:194,0
DA:200,1
DA:201,1
DA:202,1
DA:207,1
DA:208,1
DA:212,1
DA:213,1
DA:218,1
DA:220,1
DA:225,0
DA:226,0
DA:227,0
DA:229,0
DA:234,0
DA:235,0
LF:90
LH:78
BRDA:26,0,0,0
BRDA:26,0,1,1
BRDA:28,1,0,1
BRDA:28,1,1,0
BRF:4
BRH:2
end_of_record
TN:
SF:typings/index.d.ts
FNF:0
FNH:0
LF:0
LH:0
BRF:0
BRH:0
end_of_record
